[debug] [2021-06-11T06:01:54.787Z] ----------------------------------------------------------------------
[debug] [2021-06-11T06:01:54.788Z] Command:       /usr/local/bin/node /usr/local/bin/firebase deploy
[debug] [2021-06-11T06:01:54.789Z] CLI Version:   8.19.0
[debug] [2021-06-11T06:01:54.789Z] Platform:      darwin
[debug] [2021-06-11T06:01:54.789Z] Node Version:  v14.16.0
[debug] [2021-06-11T06:01:54.790Z] Time:          Fri Jun 11 2021 01:01:54 GMT-0500 (Central Daylight Time)
[debug] [2021-06-11T06:01:54.791Z] ----------------------------------------------------------------------
[debug] [2021-06-11T06:01:54.791Z] 
[debug] [2021-06-11T06:01:54.796Z] > command requires scopes: ["email","openid","https://www.googleapis.com/auth/cloudplatformprojects.readonly","https://www.googleapis.com/auth/firebase","https://www.googleapis.com/auth/cloud-platform"]
[debug] [2021-06-11T06:01:54.796Z] > authorizing via signed-in user
[debug] [2021-06-11T06:01:54.796Z] [iam] checking project noticias-ionic-e1cf1 for permissions ["firebase.projects.get","firebasehosting.sites.update"]
[debug] [2021-06-11T06:01:54.799Z] >>> HTTP REQUEST POST https://cloudresourcemanager.googleapis.com/v1/projects/noticias-ionic-e1cf1:testIamPermissions  
 {"permissions":["firebase.projects.get","firebasehosting.sites.update"]}
[debug] [2021-06-11T06:01:55.372Z] <<< HTTP RESPONSE 200 {"content-type":"application/json; charset=UTF-8","vary":"X-Origin, Referer, Origin,Accept-Encoding","date":"Fri, 11 Jun 2021 06:01:55 GMT","server":"ESF","cache-control":"private","x-xss-protection":"0","x-frame-options":"SAMEORIGIN","x-content-type-options":"nosniff","server-timing":"gfet4t7; dur=226","alt-svc":"h3=\":443\"; ma=2592000,h3-29=\":443\"; ma=2592000,h3-T051=\":443\"; ma=2592000,h3-Q050=\":443\"; ma=2592000,h3-Q046=\":443\"; ma=2592000,h3-Q043=\":443\"; ma=2592000,quic=\":443\"; ma=2592000; v=\"46,43\"","accept-ranges":"none","transfer-encoding":"chunked"}
[debug] [2021-06-11T06:01:55.375Z] >>> HTTP REQUEST GET https://firebase.googleapis.com/v1beta1/projects/noticias-ionic-e1cf1  
 
[debug] [2021-06-11T06:01:55.640Z] <<< HTTP RESPONSE 200 {"content-type":"application/json; charset=UTF-8","vary":"X-Origin, Referer, Origin,Accept-Encoding","date":"Fri, 11 Jun 2021 06:01:55 GMT","server":"ESF","cache-control":"private","x-xss-protection":"0","x-frame-options":"SAMEORIGIN","x-content-type-options":"nosniff","alt-svc":"h3=\":443\"; ma=2592000,h3-29=\":443\"; ma=2592000,h3-T051=\":443\"; ma=2592000,h3-Q050=\":443\"; ma=2592000,h3-Q046=\":443\"; ma=2592000,h3-Q043=\":443\"; ma=2592000,quic=\":443\"; ma=2592000; v=\"46,43\"","accept-ranges":"none","transfer-encoding":"chunked"}
[info] 
[info] === Deploying to 'noticias-ionic-e1cf1'...
[info] 
[info] i  deploying hosting 
[debug] [2021-06-11T06:01:55.646Z] >>> HTTP REQUEST POST https://firebasehosting.googleapis.com/v1beta1/sites/noticias-ionic-e1cf1/versions  
 {"config":{"rewrites":[{"glob":"**","path":"/index.html"}]},"labels":{"deployment-tool":"cli-firebase"}}
[debug] [2021-06-11T06:01:56.799Z] <<< HTTP RESPONSE 200 {"content-type":"application/json; charset=UTF-8","vary":"X-Origin, Referer, Origin,Accept-Encoding","date":"Fri, 11 Jun 2021 06:01:56 GMT","server":"ESF","cache-control":"private","x-xss-protection":"0","x-frame-options":"SAMEORIGIN","x-content-type-options":"nosniff","alt-svc":"h3=\":443\"; ma=2592000,h3-29=\":443\"; ma=2592000,h3-T051=\":443\"; ma=2592000,h3-Q050=\":443\"; ma=2592000,h3-Q046=\":443\"; ma=2592000,h3-Q043=\":443\"; ma=2592000,quic=\":443\"; ma=2592000; v=\"46,43\"","accept-ranges":"none","transfer-encoding":"chunked"}
[info] i  hosting[noticias-ionic-e1cf1]: beginning deploy... 
[info] i  hosting[noticias-ionic-e1cf1]: found 31 files in build 
[debug] [2021-06-11T06:01:56.927Z] > refreshing access token with scopes: []
[debug] [2021-06-11T06:01:56.927Z] >>> HTTP REQUEST POST https://www.googleapis.com/oauth2/v3/token  
 <request body omitted>
[debug] [2021-06-11T06:01:56.930Z] [hosting] hash cache [YnVpbGQ] stored for 31 files
[debug] [2021-06-11T06:01:56.930Z] [hosting][hash queue][FINAL] {"max":92,"min":2,"avg":66.38709677419354,"active":0,"complete":31,"success":31,"errored":0,"retried":0,"total":31,"elapsed":114}
[debug] [2021-06-11T06:01:57.100Z] <<< HTTP RESPONSE 200 {"expires":"Mon, 01 Jan 1990 00:00:00 GMT","pragma":"no-cache","date":"Fri, 11 Jun 2021 06:01:57 GMT","cache-control":"no-cache, no-store, max-age=0, must-revalidate","content-type":"application/json; charset=utf-8","vary":"X-Origin, Referer, Origin,Accept-Encoding","server":"scaffolding on HTTPServer2","x-xss-protection":"0","x-frame-options":"SAMEORIGIN","x-content-type-options":"nosniff","alt-svc":"h3-29=\":443\"; ma=2592000,h3-T051=\":443\"; ma=2592000,h3-Q050=\":443\"; ma=2592000,h3-Q046=\":443\"; ma=2592000,h3-Q043=\":443\"; ma=2592000,quic=\":443\"; ma=2592000; v=\"46,43\"","accept-ranges":"none","transfer-encoding":"chunked"}
[debug] [2021-06-11T06:01:57.130Z] >>> [apiv2][query] POST https://firebasehosting.googleapis.com/v1beta1/sites/noticias-ionic-e1cf1/versions/a2e18511b334a2c0:populateFiles [none]
[debug] [2021-06-11T06:01:57.130Z] >>> [apiv2][body] POST https://firebasehosting.googleapis.com/v1beta1/sites/noticias-ionic-e1cf1/versions/a2e18511b334a2c0:populateFiles {"files":{"/4.bundle.js":"a0968df2b7e6763d297be6ba7e252066435e4809bcd8cea75a98126ae93d1f2e","/0.bundle.js":"d3e470f353fbf0540b9600613bd13c657bb18f634928b78e2e4f7ae57e19950f","/22.bundle.js":"2411c02748249a0b6d01822c0650325d536481e3e3a6d499b7b51afc41222ac5","/24.bundle.js":"150a0a83110b71a3b4bfcd804bc73a839de07fb53fb1aaf6aa3742b555c801a9","/26.bundle.js":"c02e810932e5b71645810c3a6e4a949c76fed7a062b1f409651bd4554e4b3ecf","/27.bundle.js":"3882d5b6d3ea8ad6c21c2e6c6bf0bec39baff05ad2b585b493e090bdeeb571ab","/25.bundle.js":"21387f3c7bac47a0cebcbd11ef7851e71c51c21ac97527ee1ce683193dbc5faa","/28.bundle.js":"e1ad48bce59ec272ea6bd4efe6584314aef03a63b7ae226b4bd28f1881d0e670","/23.bundle.js":"05bff36eb4b810db662baf0ef924bee035b378763696905650bc685137ef1302","/3.bundle.js":"71ae807b10d710f09a4bcfbbe31d1d2bf23665c49aff788add576171c704377f","/21.bundle.js":"f13c5c4d99ada0506d012791a61d759797e886ed21501e105c194d214feca277","/index.html":"8a0993f7a8c48be3bf541bff92b75517759320fb1ba0bf012c9b2c2883167824","/bundle.js":"df0998dc9e9c95c9d7812cdd2d82c01e8c4a8d23d784fc8804e77abf7819c5db","/19.bundle.js":"2cf3b394eb12f3ac739a201df93aee46fa750f8d112f03a6e2459af4c380c7ef","/12.bundle.js":"8adde57d54e48715467d0e782aa90c52658bbf8b37ec4e764221a835095216cb","/14.bundle.js":"fccaec69d95c5767e10dfb5a6ce557696a3e6d18d6bcb6d930c4ab77423587ab","/13.bundle.js":"bbdc585ebb1a9ed6440dcd368fd2476d798be3d5c3798e1a36d1c30e17dd80d7","/15.bundle.js":"041a090c753f9a64bdf5b8d422b5d6ece4b8ce12c6510b45460fe746dc7538cf","/16.bundle.js":"9ad65c10ffca98dec5d0dd6765625fe2aa0de45fbcf74e7665b9770aa3015cae","/17.bundle.js":"4fc949f1f6eff7c940c46e508776e7e09493282a7f5aa078906e42cfdabce80a","/18.bundle.js":"a3c678c59a431e362562027ba43da1c793dc36d518848addc01b34d8e15b60d0","/1.bundle.js":"529bf5fe310c71bea260c35b796bc4288847fe7c07e0ed192a66e73722153292","/11.bundle.js":"2f52a5597f369a43a5d83d3aaf7b991d44f60cf3f3413b0948ae8a867512388b","/10.bundle.js":"8d552b881c8a60f4cbf563dda700573d41e0a9f9fb0197554b524856e5dea696","/20.bundle.js":"edcb4b5fb4e7a1c715c21263834710938f0cfc728c6f65cb9ab678181c0ea0b1","/7.bundle.js":"3a6d243fd79fc6f0ae567c2557d0dc349d1eca84dc87c7ead4853dba2cbab3f5","/8.bundle.js":"4aa966f1baa27138f6f3f3d6635336fb622e65842d6ed13f9a64263b50ec9504","/5.bundle.js":"4c36c236e5463979895cb82db305ce9798ecb6f554534ea4373fe7f13505ffb3","/6.bundle.js":"6a2c2cd4eb1b95090723df33cd472f0e8f9a2aa5b6e58b92c4765555819ce9fa","/9.bundle.js":"2664760644e2c3324af8db679791a5ae3764f6e611b0f7575ddd84ad772f5b2e","/2.bundle.js":"bde688ed2ddf33048e8c38f09e3760292a93be2f68cedd685e7d4f674a29ce31"}}
[debug] [2021-06-11T06:01:58.035Z] <<< [apiv2][status] POST https://firebasehosting.googleapis.com/v1beta1/sites/noticias-ionic-e1cf1/versions/a2e18511b334a2c0:populateFiles 200
[debug] [2021-06-11T06:01:58.035Z] <<< [apiv2][body] POST https://firebasehosting.googleapis.com/v1beta1/sites/noticias-ionic-e1cf1/versions/a2e18511b334a2c0:populateFiles {"uploadRequiredHashes":["041a090c753f9a64bdf5b8d422b5d6ece4b8ce12c6510b45460fe746dc7538cf","4aa966f1baa27138f6f3f3d6635336fb622e65842d6ed13f9a64263b50ec9504","bde688ed2ddf33048e8c38f09e3760292a93be2f68cedd685e7d4f674a29ce31","d3e470f353fbf0540b9600613bd13c657bb18f634928b78e2e4f7ae57e19950f","05bff36eb4b810db662baf0ef924bee035b378763696905650bc685137ef1302","9ad65c10ffca98dec5d0dd6765625fe2aa0de45fbcf74e7665b9770aa3015cae","c02e810932e5b71645810c3a6e4a949c76fed7a062b1f409651bd4554e4b3ecf","a3c678c59a431e362562027ba43da1c793dc36d518848addc01b34d8e15b60d0","2411c02748249a0b6d01822c0650325d536481e3e3a6d499b7b51afc41222ac5","fccaec69d95c5767e10dfb5a6ce557696a3e6d18d6bcb6d930c4ab77423587ab","4fc949f1f6eff7c940c46e508776e7e09493282a7f5aa078906e42cfdabce80a","8d552b881c8a60f4cbf563dda700573d41e0a9f9fb0197554b524856e5dea696","4c36c236e5463979895cb82db305ce9798ecb6f554534ea4373fe7f13505ffb3","21387f3c7bac47a0cebcbd11ef7851e71c51c21ac97527ee1ce683193dbc5faa","2cf3b394eb12f3ac739a201df93aee46fa750f8d112f03a6e2459af4c380c7ef","2f52a5597f369a43a5d83d3aaf7b991d44f60cf3f3413b0948ae8a867512388b","2664760644e2c3324af8db679791a5ae3764f6e611b0f7575ddd84ad772f5b2e","71ae807b10d710f09a4bcfbbe31d1d2bf23665c49aff788add576171c704377f","e1ad48bce59ec272ea6bd4efe6584314aef03a63b7ae226b4bd28f1881d0e670","3882d5b6d3ea8ad6c21c2e6c6bf0bec39baff05ad2b585b493e090bdeeb571ab","f13c5c4d99ada0506d012791a61d759797e886ed21501e105c194d214feca277","bbdc585ebb1a9ed6440dcd368fd2476d798be3d5c3798e1a36d1c30e17dd80d7","3a6d243fd79fc6f0ae567c2557d0dc349d1eca84dc87c7ead4853dba2cbab3f5","6a2c2cd4eb1b95090723df33cd472f0e8f9a2aa5b6e58b92c4765555819ce9fa","df0998dc9e9c95c9d7812cdd2d82c01e8c4a8d23d784fc8804e77abf7819c5db","edcb4b5fb4e7a1c715c21263834710938f0cfc728c6f65cb9ab678181c0ea0b1","529bf5fe310c71bea260c35b796bc4288847fe7c07e0ed192a66e73722153292","8adde57d54e48715467d0e782aa90c52658bbf8b37ec4e764221a835095216cb","150a0a83110b71a3b4bfcd804bc73a839de07fb53fb1aaf6aa3742b555c801a9"],"uploadUrl":"https://upload-firebasehosting.googleapis.com/upload/sites/noticias-ionic-e1cf1/versions/a2e18511b334a2c0/files"}
[debug] [2021-06-11T06:01:58.042Z] >>> [apiv2][query] POST https://upload-firebasehosting.googleapis.com/upload/sites/noticias-ionic-e1cf1/versions/a2e18511b334a2c0/files/041a090c753f9a64bdf5b8d422b5d6ece4b8ce12c6510b45460fe746dc7538cf [none]
[debug] [2021-06-11T06:01:58.042Z] >>> [apiv2][body] POST https://upload-firebasehosting.googleapis.com/upload/sites/noticias-ionic-e1cf1/versions/a2e18511b334a2c0/files/041a090c753f9a64bdf5b8d422b5d6ece4b8ce12c6510b45460fe746dc7538cf [stream]
[debug] [2021-06-11T06:01:58.044Z] >>> [apiv2][query] POST https://upload-firebasehosting.googleapis.com/upload/sites/noticias-ionic-e1cf1/versions/a2e18511b334a2c0/files/4aa966f1baa27138f6f3f3d6635336fb622e65842d6ed13f9a64263b50ec9504 [none]
[debug] [2021-06-11T06:01:58.044Z] >>> [apiv2][body] POST https://upload-firebasehosting.googleapis.com/upload/sites/noticias-ionic-e1cf1/versions/a2e18511b334a2c0/files/4aa966f1baa27138f6f3f3d6635336fb622e65842d6ed13f9a64263b50ec9504 [stream]
[debug] [2021-06-11T06:01:58.044Z] >>> [apiv2][query] POST https://upload-firebasehosting.googleapis.com/upload/sites/noticias-ionic-e1cf1/versions/a2e18511b334a2c0/files/bde688ed2ddf33048e8c38f09e3760292a93be2f68cedd685e7d4f674a29ce31 [none]
[debug] [2021-06-11T06:01:58.045Z] >>> [apiv2][body] POST https://upload-firebasehosting.googleapis.com/upload/sites/noticias-ionic-e1cf1/versions/a2e18511b334a2c0/files/bde688ed2ddf33048e8c38f09e3760292a93be2f68cedd685e7d4f674a29ce31 [stream]
[debug] [2021-06-11T06:01:58.045Z] >>> [apiv2][query] POST https://upload-firebasehosting.googleapis.com/upload/sites/noticias-ionic-e1cf1/versions/a2e18511b334a2c0/files/d3e470f353fbf0540b9600613bd13c657bb18f634928b78e2e4f7ae57e19950f [none]
[debug] [2021-06-11T06:01:58.045Z] >>> [apiv2][body] POST https://upload-firebasehosting.googleapis.com/upload/sites/noticias-ionic-e1cf1/versions/a2e18511b334a2c0/files/d3e470f353fbf0540b9600613bd13c657bb18f634928b78e2e4f7ae57e19950f [stream]
[debug] [2021-06-11T06:01:58.046Z] >>> [apiv2][query] POST https://upload-firebasehosting.googleapis.com/upload/sites/noticias-ionic-e1cf1/versions/a2e18511b334a2c0/files/05bff36eb4b810db662baf0ef924bee035b378763696905650bc685137ef1302 [none]
[debug] [2021-06-11T06:01:58.046Z] >>> [apiv2][body] POST https://upload-firebasehosting.googleapis.com/upload/sites/noticias-ionic-e1cf1/versions/a2e18511b334a2c0/files/05bff36eb4b810db662baf0ef924bee035b378763696905650bc685137ef1302 [stream]
[debug] [2021-06-11T06:01:58.047Z] >>> [apiv2][query] POST https://upload-firebasehosting.googleapis.com/upload/sites/noticias-ionic-e1cf1/versions/a2e18511b334a2c0/files/9ad65c10ffca98dec5d0dd6765625fe2aa0de45fbcf74e7665b9770aa3015cae [none]
[debug] [2021-06-11T06:01:58.047Z] >>> [apiv2][body] POST https://upload-firebasehosting.googleapis.com/upload/sites/noticias-ionic-e1cf1/versions/a2e18511b334a2c0/files/9ad65c10ffca98dec5d0dd6765625fe2aa0de45fbcf74e7665b9770aa3015cae [stream]
[debug] [2021-06-11T06:01:58.048Z] >>> [apiv2][query] POST https://upload-firebasehosting.googleapis.com/upload/sites/noticias-ionic-e1cf1/versions/a2e18511b334a2c0/files/c02e810932e5b71645810c3a6e4a949c76fed7a062b1f409651bd4554e4b3ecf [none]
[debug] [2021-06-11T06:01:58.048Z] >>> [apiv2][body] POST https://upload-firebasehosting.googleapis.com/upload/sites/noticias-ionic-e1cf1/versions/a2e18511b334a2c0/files/c02e810932e5b71645810c3a6e4a949c76fed7a062b1f409651bd4554e4b3ecf [stream]
[debug] [2021-06-11T06:01:58.048Z] >>> [apiv2][query] POST https://upload-firebasehosting.googleapis.com/upload/sites/noticias-ionic-e1cf1/versions/a2e18511b334a2c0/files/a3c678c59a431e362562027ba43da1c793dc36d518848addc01b34d8e15b60d0 [none]
[debug] [2021-06-11T06:01:58.049Z] >>> [apiv2][body] POST https://upload-firebasehosting.googleapis.com/upload/sites/noticias-ionic-e1cf1/versions/a2e18511b334a2c0/files/a3c678c59a431e362562027ba43da1c793dc36d518848addc01b34d8e15b60d0 [stream]
[debug] [2021-06-11T06:01:58.049Z] >>> [apiv2][query] POST https://upload-firebasehosting.googleapis.com/upload/sites/noticias-ionic-e1cf1/versions/a2e18511b334a2c0/files/2411c02748249a0b6d01822c0650325d536481e3e3a6d499b7b51afc41222ac5 [none]
[debug] [2021-06-11T06:01:58.049Z] >>> [apiv2][body] POST https://upload-firebasehosting.googleapis.com/upload/sites/noticias-ionic-e1cf1/versions/a2e18511b334a2c0/files/2411c02748249a0b6d01822c0650325d536481e3e3a6d499b7b51afc41222ac5 [stream]
[debug] [2021-06-11T06:01:58.050Z] >>> [apiv2][query] POST https://upload-firebasehosting.googleapis.com/upload/sites/noticias-ionic-e1cf1/versions/a2e18511b334a2c0/files/fccaec69d95c5767e10dfb5a6ce557696a3e6d18d6bcb6d930c4ab77423587ab [none]
[debug] [2021-06-11T06:01:58.050Z] >>> [apiv2][body] POST https://upload-firebasehosting.googleapis.com/upload/sites/noticias-ionic-e1cf1/versions/a2e18511b334a2c0/files/fccaec69d95c5767e10dfb5a6ce557696a3e6d18d6bcb6d930c4ab77423587ab [stream]
[debug] [2021-06-11T06:01:58.051Z] >>> [apiv2][query] POST https://upload-firebasehosting.googleapis.com/upload/sites/noticias-ionic-e1cf1/versions/a2e18511b334a2c0/files/4fc949f1f6eff7c940c46e508776e7e09493282a7f5aa078906e42cfdabce80a [none]
[debug] [2021-06-11T06:01:58.051Z] >>> [apiv2][body] POST https://upload-firebasehosting.googleapis.com/upload/sites/noticias-ionic-e1cf1/versions/a2e18511b334a2c0/files/4fc949f1f6eff7c940c46e508776e7e09493282a7f5aa078906e42cfdabce80a [stream]
[debug] [2021-06-11T06:01:58.051Z] >>> [apiv2][query] POST https://upload-firebasehosting.googleapis.com/upload/sites/noticias-ionic-e1cf1/versions/a2e18511b334a2c0/files/8d552b881c8a60f4cbf563dda700573d41e0a9f9fb0197554b524856e5dea696 [none]
[debug] [2021-06-11T06:01:58.051Z] >>> [apiv2][body] POST https://upload-firebasehosting.googleapis.com/upload/sites/noticias-ionic-e1cf1/versions/a2e18511b334a2c0/files/8d552b881c8a60f4cbf563dda700573d41e0a9f9fb0197554b524856e5dea696 [stream]
[debug] [2021-06-11T06:01:58.055Z] >>> [apiv2][query] POST https://upload-firebasehosting.googleapis.com/upload/sites/noticias-ionic-e1cf1/versions/a2e18511b334a2c0/files/4c36c236e5463979895cb82db305ce9798ecb6f554534ea4373fe7f13505ffb3 [none]
[debug] [2021-06-11T06:01:58.055Z] >>> [apiv2][body] POST https://upload-firebasehosting.googleapis.com/upload/sites/noticias-ionic-e1cf1/versions/a2e18511b334a2c0/files/4c36c236e5463979895cb82db305ce9798ecb6f554534ea4373fe7f13505ffb3 [stream]
[debug] [2021-06-11T06:01:58.056Z] >>> [apiv2][query] POST https://upload-firebasehosting.googleapis.com/upload/sites/noticias-ionic-e1cf1/versions/a2e18511b334a2c0/files/21387f3c7bac47a0cebcbd11ef7851e71c51c21ac97527ee1ce683193dbc5faa [none]
[debug] [2021-06-11T06:01:58.056Z] >>> [apiv2][body] POST https://upload-firebasehosting.googleapis.com/upload/sites/noticias-ionic-e1cf1/versions/a2e18511b334a2c0/files/21387f3c7bac47a0cebcbd11ef7851e71c51c21ac97527ee1ce683193dbc5faa [stream]
[debug] [2021-06-11T06:01:58.058Z] >>> [apiv2][query] POST https://upload-firebasehosting.googleapis.com/upload/sites/noticias-ionic-e1cf1/versions/a2e18511b334a2c0/files/2cf3b394eb12f3ac739a201df93aee46fa750f8d112f03a6e2459af4c380c7ef [none]
[debug] [2021-06-11T06:01:58.058Z] >>> [apiv2][body] POST https://upload-firebasehosting.googleapis.com/upload/sites/noticias-ionic-e1cf1/versions/a2e18511b334a2c0/files/2cf3b394eb12f3ac739a201df93aee46fa750f8d112f03a6e2459af4c380c7ef [stream]
[debug] [2021-06-11T06:01:58.059Z] >>> [apiv2][query] POST https://upload-firebasehosting.googleapis.com/upload/sites/noticias-ionic-e1cf1/versions/a2e18511b334a2c0/files/2f52a5597f369a43a5d83d3aaf7b991d44f60cf3f3413b0948ae8a867512388b [none]
[debug] [2021-06-11T06:01:58.059Z] >>> [apiv2][body] POST https://upload-firebasehosting.googleapis.com/upload/sites/noticias-ionic-e1cf1/versions/a2e18511b334a2c0/files/2f52a5597f369a43a5d83d3aaf7b991d44f60cf3f3413b0948ae8a867512388b [stream]
[debug] [2021-06-11T06:01:58.060Z] >>> [apiv2][query] POST https://upload-firebasehosting.googleapis.com/upload/sites/noticias-ionic-e1cf1/versions/a2e18511b334a2c0/files/2664760644e2c3324af8db679791a5ae3764f6e611b0f7575ddd84ad772f5b2e [none]
[debug] [2021-06-11T06:01:58.060Z] >>> [apiv2][body] POST https://upload-firebasehosting.googleapis.com/upload/sites/noticias-ionic-e1cf1/versions/a2e18511b334a2c0/files/2664760644e2c3324af8db679791a5ae3764f6e611b0f7575ddd84ad772f5b2e [stream]
[debug] [2021-06-11T06:01:58.061Z] >>> [apiv2][query] POST https://upload-firebasehosting.googleapis.com/upload/sites/noticias-ionic-e1cf1/versions/a2e18511b334a2c0/files/71ae807b10d710f09a4bcfbbe31d1d2bf23665c49aff788add576171c704377f [none]
[debug] [2021-06-11T06:01:58.061Z] >>> [apiv2][body] POST https://upload-firebasehosting.googleapis.com/upload/sites/noticias-ionic-e1cf1/versions/a2e18511b334a2c0/files/71ae807b10d710f09a4bcfbbe31d1d2bf23665c49aff788add576171c704377f [stream]
[debug] [2021-06-11T06:01:58.062Z] >>> [apiv2][query] POST https://upload-firebasehosting.googleapis.com/upload/sites/noticias-ionic-e1cf1/versions/a2e18511b334a2c0/files/e1ad48bce59ec272ea6bd4efe6584314aef03a63b7ae226b4bd28f1881d0e670 [none]
[debug] [2021-06-11T06:01:58.062Z] >>> [apiv2][body] POST https://upload-firebasehosting.googleapis.com/upload/sites/noticias-ionic-e1cf1/versions/a2e18511b334a2c0/files/e1ad48bce59ec272ea6bd4efe6584314aef03a63b7ae226b4bd28f1881d0e670 [stream]
[debug] [2021-06-11T06:01:58.062Z] >>> [apiv2][query] POST https://upload-firebasehosting.googleapis.com/upload/sites/noticias-ionic-e1cf1/versions/a2e18511b334a2c0/files/3882d5b6d3ea8ad6c21c2e6c6bf0bec39baff05ad2b585b493e090bdeeb571ab [none]
[debug] [2021-06-11T06:01:58.063Z] >>> [apiv2][body] POST https://upload-firebasehosting.googleapis.com/upload/sites/noticias-ionic-e1cf1/versions/a2e18511b334a2c0/files/3882d5b6d3ea8ad6c21c2e6c6bf0bec39baff05ad2b585b493e090bdeeb571ab [stream]
[debug] [2021-06-11T06:01:58.063Z] >>> [apiv2][query] POST https://upload-firebasehosting.googleapis.com/upload/sites/noticias-ionic-e1cf1/versions/a2e18511b334a2c0/files/f13c5c4d99ada0506d012791a61d759797e886ed21501e105c194d214feca277 [none]
[debug] [2021-06-11T06:01:58.064Z] >>> [apiv2][body] POST https://upload-firebasehosting.googleapis.com/upload/sites/noticias-ionic-e1cf1/versions/a2e18511b334a2c0/files/f13c5c4d99ada0506d012791a61d759797e886ed21501e105c194d214feca277 [stream]
[debug] [2021-06-11T06:01:58.065Z] >>> [apiv2][query] POST https://upload-firebasehosting.googleapis.com/upload/sites/noticias-ionic-e1cf1/versions/a2e18511b334a2c0/files/bbdc585ebb1a9ed6440dcd368fd2476d798be3d5c3798e1a36d1c30e17dd80d7 [none]
[debug] [2021-06-11T06:01:58.065Z] >>> [apiv2][body] POST https://upload-firebasehosting.googleapis.com/upload/sites/noticias-ionic-e1cf1/versions/a2e18511b334a2c0/files/bbdc585ebb1a9ed6440dcd368fd2476d798be3d5c3798e1a36d1c30e17dd80d7 [stream]
[debug] [2021-06-11T06:01:58.069Z] >>> [apiv2][query] POST https://upload-firebasehosting.googleapis.com/upload/sites/noticias-ionic-e1cf1/versions/a2e18511b334a2c0/files/3a6d243fd79fc6f0ae567c2557d0dc349d1eca84dc87c7ead4853dba2cbab3f5 [none]
[debug] [2021-06-11T06:01:58.070Z] >>> [apiv2][body] POST https://upload-firebasehosting.googleapis.com/upload/sites/noticias-ionic-e1cf1/versions/a2e18511b334a2c0/files/3a6d243fd79fc6f0ae567c2557d0dc349d1eca84dc87c7ead4853dba2cbab3f5 [stream]
[debug] [2021-06-11T06:01:58.070Z] >>> [apiv2][query] POST https://upload-firebasehosting.googleapis.com/upload/sites/noticias-ionic-e1cf1/versions/a2e18511b334a2c0/files/6a2c2cd4eb1b95090723df33cd472f0e8f9a2aa5b6e58b92c4765555819ce9fa [none]
[debug] [2021-06-11T06:01:58.071Z] >>> [apiv2][body] POST https://upload-firebasehosting.googleapis.com/upload/sites/noticias-ionic-e1cf1/versions/a2e18511b334a2c0/files/6a2c2cd4eb1b95090723df33cd472f0e8f9a2aa5b6e58b92c4765555819ce9fa [stream]
[debug] [2021-06-11T06:01:58.071Z] >>> [apiv2][query] POST https://upload-firebasehosting.googleapis.com/upload/sites/noticias-ionic-e1cf1/versions/a2e18511b334a2c0/files/df0998dc9e9c95c9d7812cdd2d82c01e8c4a8d23d784fc8804e77abf7819c5db [none]
[debug] [2021-06-11T06:01:58.071Z] >>> [apiv2][body] POST https://upload-firebasehosting.googleapis.com/upload/sites/noticias-ionic-e1cf1/versions/a2e18511b334a2c0/files/df0998dc9e9c95c9d7812cdd2d82c01e8c4a8d23d784fc8804e77abf7819c5db [stream]
[debug] [2021-06-11T06:01:58.072Z] >>> [apiv2][query] POST https://upload-firebasehosting.googleapis.com/upload/sites/noticias-ionic-e1cf1/versions/a2e18511b334a2c0/files/edcb4b5fb4e7a1c715c21263834710938f0cfc728c6f65cb9ab678181c0ea0b1 [none]
[debug] [2021-06-11T06:01:58.072Z] >>> [apiv2][body] POST https://upload-firebasehosting.googleapis.com/upload/sites/noticias-ionic-e1cf1/versions/a2e18511b334a2c0/files/edcb4b5fb4e7a1c715c21263834710938f0cfc728c6f65cb9ab678181c0ea0b1 [stream]
[debug] [2021-06-11T06:01:58.073Z] >>> [apiv2][query] POST https://upload-firebasehosting.googleapis.com/upload/sites/noticias-ionic-e1cf1/versions/a2e18511b334a2c0/files/529bf5fe310c71bea260c35b796bc4288847fe7c07e0ed192a66e73722153292 [none]
[debug] [2021-06-11T06:01:58.074Z] >>> [apiv2][body] POST https://upload-firebasehosting.googleapis.com/upload/sites/noticias-ionic-e1cf1/versions/a2e18511b334a2c0/files/529bf5fe310c71bea260c35b796bc4288847fe7c07e0ed192a66e73722153292 [stream]
[debug] [2021-06-11T06:01:58.076Z] >>> [apiv2][query] POST https://upload-firebasehosting.googleapis.com/upload/sites/noticias-ionic-e1cf1/versions/a2e18511b334a2c0/files/8adde57d54e48715467d0e782aa90c52658bbf8b37ec4e764221a835095216cb [none]
[debug] [2021-06-11T06:01:58.076Z] >>> [apiv2][body] POST https://upload-firebasehosting.googleapis.com/upload/sites/noticias-ionic-e1cf1/versions/a2e18511b334a2c0/files/8adde57d54e48715467d0e782aa90c52658bbf8b37ec4e764221a835095216cb [stream]
[debug] [2021-06-11T06:01:58.077Z] >>> [apiv2][query] POST https://upload-firebasehosting.googleapis.com/upload/sites/noticias-ionic-e1cf1/versions/a2e18511b334a2c0/files/150a0a83110b71a3b4bfcd804bc73a839de07fb53fb1aaf6aa3742b555c801a9 [none]
[debug] [2021-06-11T06:01:58.077Z] >>> [apiv2][body] POST https://upload-firebasehosting.googleapis.com/upload/sites/noticias-ionic-e1cf1/versions/a2e18511b334a2c0/files/150a0a83110b71a3b4bfcd804bc73a839de07fb53fb1aaf6aa3742b555c801a9 [stream]
[debug] [2021-06-11T06:01:58.078Z] [hosting][populate queue][FINAL] {"max":1116,"min":1116,"avg":1116,"active":0,"complete":1,"success":1,"errored":0,"retried":0,"total":1,"elapsed":1152}
[debug] [2021-06-11T06:01:58.078Z] [hosting] uploads queued: 29
[debug] [2021-06-11T06:02:01.253Z] <<< [apiv2][status] POST https://upload-firebasehosting.googleapis.com/upload/sites/noticias-ionic-e1cf1/versions/a2e18511b334a2c0/files/c02e810932e5b71645810c3a6e4a949c76fed7a062b1f409651bd4554e4b3ecf 200
[debug] [2021-06-11T06:02:01.254Z] <<< [apiv2][body] POST https://upload-firebasehosting.googleapis.com/upload/sites/noticias-ionic-e1cf1/versions/a2e18511b334a2c0/files/c02e810932e5b71645810c3a6e4a949c76fed7a062b1f409651bd4554e4b3ecf [stream]
[debug] [2021-06-11T06:02:01.496Z] <<< [apiv2][status] POST https://upload-firebasehosting.googleapis.com/upload/sites/noticias-ionic-e1cf1/versions/a2e18511b334a2c0/files/d3e470f353fbf0540b9600613bd13c657bb18f634928b78e2e4f7ae57e19950f 200
[debug] [2021-06-11T06:02:01.496Z] <<< [apiv2][body] POST https://upload-firebasehosting.googleapis.com/upload/sites/noticias-ionic-e1cf1/versions/a2e18511b334a2c0/files/d3e470f353fbf0540b9600613bd13c657bb18f634928b78e2e4f7ae57e19950f [stream]
[debug] [2021-06-11T06:02:03.520Z] <<< [apiv2][status] POST https://upload-firebasehosting.googleapis.com/upload/sites/noticias-ionic-e1cf1/versions/a2e18511b334a2c0/files/e1ad48bce59ec272ea6bd4efe6584314aef03a63b7ae226b4bd28f1881d0e670 200
[debug] [2021-06-11T06:02:03.521Z] <<< [apiv2][body] POST https://upload-firebasehosting.googleapis.com/upload/sites/noticias-ionic-e1cf1/versions/a2e18511b334a2c0/files/e1ad48bce59ec272ea6bd4efe6584314aef03a63b7ae226b4bd28f1881d0e670 [stream]
[debug] [2021-06-11T06:02:03.679Z] <<< [apiv2][status] POST https://upload-firebasehosting.googleapis.com/upload/sites/noticias-ionic-e1cf1/versions/a2e18511b334a2c0/files/3882d5b6d3ea8ad6c21c2e6c6bf0bec39baff05ad2b585b493e090bdeeb571ab 200
[debug] [2021-06-11T06:02:03.680Z] <<< [apiv2][body] POST https://upload-firebasehosting.googleapis.com/upload/sites/noticias-ionic-e1cf1/versions/a2e18511b334a2c0/files/3882d5b6d3ea8ad6c21c2e6c6bf0bec39baff05ad2b585b493e090bdeeb571ab [stream]
[debug] [2021-06-11T06:02:04.466Z] <<< [apiv2][status] POST https://upload-firebasehosting.googleapis.com/upload/sites/noticias-ionic-e1cf1/versions/a2e18511b334a2c0/files/05bff36eb4b810db662baf0ef924bee035b378763696905650bc685137ef1302 200
[debug] [2021-06-11T06:02:04.466Z] <<< [apiv2][body] POST https://upload-firebasehosting.googleapis.com/upload/sites/noticias-ionic-e1cf1/versions/a2e18511b334a2c0/files/05bff36eb4b810db662baf0ef924bee035b378763696905650bc685137ef1302 [stream]
[debug] [2021-06-11T06:02:04.636Z] <<< [apiv2][status] POST https://upload-firebasehosting.googleapis.com/upload/sites/noticias-ionic-e1cf1/versions/a2e18511b334a2c0/files/2411c02748249a0b6d01822c0650325d536481e3e3a6d499b7b51afc41222ac5 200
[debug] [2021-06-11T06:02:04.637Z] <<< [apiv2][body] POST https://upload-firebasehosting.googleapis.com/upload/sites/noticias-ionic-e1cf1/versions/a2e18511b334a2c0/files/2411c02748249a0b6d01822c0650325d536481e3e3a6d499b7b51afc41222ac5 [stream]
[debug] [2021-06-11T06:02:04.748Z] <<< [apiv2][status] POST https://upload-firebasehosting.googleapis.com/upload/sites/noticias-ionic-e1cf1/versions/a2e18511b334a2c0/files/21387f3c7bac47a0cebcbd11ef7851e71c51c21ac97527ee1ce683193dbc5faa 200
[debug] [2021-06-11T06:02:04.749Z] <<< [apiv2][body] POST https://upload-firebasehosting.googleapis.com/upload/sites/noticias-ionic-e1cf1/versions/a2e18511b334a2c0/files/21387f3c7bac47a0cebcbd11ef7851e71c51c21ac97527ee1ce683193dbc5faa [stream]
[debug] [2021-06-11T06:02:05.003Z] <<< [apiv2][status] POST https://upload-firebasehosting.googleapis.com/upload/sites/noticias-ionic-e1cf1/versions/a2e18511b334a2c0/files/df0998dc9e9c95c9d7812cdd2d82c01e8c4a8d23d784fc8804e77abf7819c5db 200
[debug] [2021-06-11T06:02:05.003Z] <<< [apiv2][body] POST https://upload-firebasehosting.googleapis.com/upload/sites/noticias-ionic-e1cf1/versions/a2e18511b334a2c0/files/df0998dc9e9c95c9d7812cdd2d82c01e8c4a8d23d784fc8804e77abf7819c5db [stream]
[debug] [2021-06-11T06:02:05.056Z] <<< [apiv2][status] POST https://upload-firebasehosting.googleapis.com/upload/sites/noticias-ionic-e1cf1/versions/a2e18511b334a2c0/files/150a0a83110b71a3b4bfcd804bc73a839de07fb53fb1aaf6aa3742b555c801a9 200
[debug] [2021-06-11T06:02:05.056Z] <<< [apiv2][body] POST https://upload-firebasehosting.googleapis.com/upload/sites/noticias-ionic-e1cf1/versions/a2e18511b334a2c0/files/150a0a83110b71a3b4bfcd804bc73a839de07fb53fb1aaf6aa3742b555c801a9 [stream]
[debug] [2021-06-11T06:02:05.166Z] <<< [apiv2][status] POST https://upload-firebasehosting.googleapis.com/upload/sites/noticias-ionic-e1cf1/versions/a2e18511b334a2c0/files/71ae807b10d710f09a4bcfbbe31d1d2bf23665c49aff788add576171c704377f 200
[debug] [2021-06-11T06:02:05.167Z] <<< [apiv2][body] POST https://upload-firebasehosting.googleapis.com/upload/sites/noticias-ionic-e1cf1/versions/a2e18511b334a2c0/files/71ae807b10d710f09a4bcfbbe31d1d2bf23665c49aff788add576171c704377f [stream]
[debug] [2021-06-11T06:02:05.462Z] <<< [apiv2][status] POST https://upload-firebasehosting.googleapis.com/upload/sites/noticias-ionic-e1cf1/versions/a2e18511b334a2c0/files/f13c5c4d99ada0506d012791a61d759797e886ed21501e105c194d214feca277 200
[debug] [2021-06-11T06:02:05.462Z] <<< [apiv2][body] POST https://upload-firebasehosting.googleapis.com/upload/sites/noticias-ionic-e1cf1/versions/a2e18511b334a2c0/files/f13c5c4d99ada0506d012791a61d759797e886ed21501e105c194d214feca277 [stream]
[debug] [2021-06-11T06:02:08.822Z] <<< [apiv2][status] POST https://upload-firebasehosting.googleapis.com/upload/sites/noticias-ionic-e1cf1/versions/a2e18511b334a2c0/files/4fc949f1f6eff7c940c46e508776e7e09493282a7f5aa078906e42cfdabce80a 200
[debug] [2021-06-11T06:02:08.823Z] <<< [apiv2][body] POST https://upload-firebasehosting.googleapis.com/upload/sites/noticias-ionic-e1cf1/versions/a2e18511b334a2c0/files/4fc949f1f6eff7c940c46e508776e7e09493282a7f5aa078906e42cfdabce80a [stream]
[debug] [2021-06-11T06:02:09.381Z] <<< [apiv2][status] POST https://upload-firebasehosting.googleapis.com/upload/sites/noticias-ionic-e1cf1/versions/a2e18511b334a2c0/files/a3c678c59a431e362562027ba43da1c793dc36d518848addc01b34d8e15b60d0 200
[debug] [2021-06-11T06:02:09.382Z] <<< [apiv2][body] POST https://upload-firebasehosting.googleapis.com/upload/sites/noticias-ionic-e1cf1/versions/a2e18511b334a2c0/files/a3c678c59a431e362562027ba43da1c793dc36d518848addc01b34d8e15b60d0 [stream]
[debug] [2021-06-11T06:02:09.886Z] <<< [apiv2][status] POST https://upload-firebasehosting.googleapis.com/upload/sites/noticias-ionic-e1cf1/versions/a2e18511b334a2c0/files/fccaec69d95c5767e10dfb5a6ce557696a3e6d18d6bcb6d930c4ab77423587ab 200
[debug] [2021-06-11T06:02:09.886Z] <<< [apiv2][body] POST https://upload-firebasehosting.googleapis.com/upload/sites/noticias-ionic-e1cf1/versions/a2e18511b334a2c0/files/fccaec69d95c5767e10dfb5a6ce557696a3e6d18d6bcb6d930c4ab77423587ab [stream]
[debug] [2021-06-11T06:02:11.254Z] <<< [apiv2][status] POST https://upload-firebasehosting.googleapis.com/upload/sites/noticias-ionic-e1cf1/versions/a2e18511b334a2c0/files/9ad65c10ffca98dec5d0dd6765625fe2aa0de45fbcf74e7665b9770aa3015cae 200
[debug] [2021-06-11T06:02:11.254Z] <<< [apiv2][body] POST https://upload-firebasehosting.googleapis.com/upload/sites/noticias-ionic-e1cf1/versions/a2e18511b334a2c0/files/9ad65c10ffca98dec5d0dd6765625fe2aa0de45fbcf74e7665b9770aa3015cae [stream]
[debug] [2021-06-11T06:02:11.552Z] <<< [apiv2][status] POST https://upload-firebasehosting.googleapis.com/upload/sites/noticias-ionic-e1cf1/versions/a2e18511b334a2c0/files/2f52a5597f369a43a5d83d3aaf7b991d44f60cf3f3413b0948ae8a867512388b 200
[debug] [2021-06-11T06:02:11.553Z] <<< [apiv2][body] POST https://upload-firebasehosting.googleapis.com/upload/sites/noticias-ionic-e1cf1/versions/a2e18511b334a2c0/files/2f52a5597f369a43a5d83d3aaf7b991d44f60cf3f3413b0948ae8a867512388b [stream]
[debug] [2021-06-11T06:02:12.011Z] <<< [apiv2][status] POST https://upload-firebasehosting.googleapis.com/upload/sites/noticias-ionic-e1cf1/versions/a2e18511b334a2c0/files/529bf5fe310c71bea260c35b796bc4288847fe7c07e0ed192a66e73722153292 200
[debug] [2021-06-11T06:02:12.011Z] <<< [apiv2][body] POST https://upload-firebasehosting.googleapis.com/upload/sites/noticias-ionic-e1cf1/versions/a2e18511b334a2c0/files/529bf5fe310c71bea260c35b796bc4288847fe7c07e0ed192a66e73722153292 [stream]
[debug] [2021-06-11T06:02:13.208Z] <<< [apiv2][status] POST https://upload-firebasehosting.googleapis.com/upload/sites/noticias-ionic-e1cf1/versions/a2e18511b334a2c0/files/3a6d243fd79fc6f0ae567c2557d0dc349d1eca84dc87c7ead4853dba2cbab3f5 200
[debug] [2021-06-11T06:02:13.209Z] <<< [apiv2][body] POST https://upload-firebasehosting.googleapis.com/upload/sites/noticias-ionic-e1cf1/versions/a2e18511b334a2c0/files/3a6d243fd79fc6f0ae567c2557d0dc349d1eca84dc87c7ead4853dba2cbab3f5 [stream]
[debug] [2021-06-11T06:02:13.823Z] <<< [apiv2][status] POST https://upload-firebasehosting.googleapis.com/upload/sites/noticias-ionic-e1cf1/versions/a2e18511b334a2c0/files/8d552b881c8a60f4cbf563dda700573d41e0a9f9fb0197554b524856e5dea696 200
[debug] [2021-06-11T06:02:13.823Z] <<< [apiv2][body] POST https://upload-firebasehosting.googleapis.com/upload/sites/noticias-ionic-e1cf1/versions/a2e18511b334a2c0/files/8d552b881c8a60f4cbf563dda700573d41e0a9f9fb0197554b524856e5dea696 [stream]
[debug] [2021-06-11T06:02:14.391Z] <<< [apiv2][status] POST https://upload-firebasehosting.googleapis.com/upload/sites/noticias-ionic-e1cf1/versions/a2e18511b334a2c0/files/edcb4b5fb4e7a1c715c21263834710938f0cfc728c6f65cb9ab678181c0ea0b1 200
[debug] [2021-06-11T06:02:14.392Z] <<< [apiv2][body] POST https://upload-firebasehosting.googleapis.com/upload/sites/noticias-ionic-e1cf1/versions/a2e18511b334a2c0/files/edcb4b5fb4e7a1c715c21263834710938f0cfc728c6f65cb9ab678181c0ea0b1 [stream]
[debug] [2021-06-11T06:02:14.525Z] <<< [apiv2][status] POST https://upload-firebasehosting.googleapis.com/upload/sites/noticias-ionic-e1cf1/versions/a2e18511b334a2c0/files/8adde57d54e48715467d0e782aa90c52658bbf8b37ec4e764221a835095216cb 200
[debug] [2021-06-11T06:02:14.525Z] <<< [apiv2][body] POST https://upload-firebasehosting.googleapis.com/upload/sites/noticias-ionic-e1cf1/versions/a2e18511b334a2c0/files/8adde57d54e48715467d0e782aa90c52658bbf8b37ec4e764221a835095216cb [stream]
[debug] [2021-06-11T06:02:15.966Z] <<< [apiv2][status] POST https://upload-firebasehosting.googleapis.com/upload/sites/noticias-ionic-e1cf1/versions/a2e18511b334a2c0/files/2cf3b394eb12f3ac739a201df93aee46fa750f8d112f03a6e2459af4c380c7ef 200
[debug] [2021-06-11T06:02:15.966Z] <<< [apiv2][body] POST https://upload-firebasehosting.googleapis.com/upload/sites/noticias-ionic-e1cf1/versions/a2e18511b334a2c0/files/2cf3b394eb12f3ac739a201df93aee46fa750f8d112f03a6e2459af4c380c7ef [stream]
[debug] [2021-06-11T06:02:16.862Z] <<< [apiv2][status] POST https://upload-firebasehosting.googleapis.com/upload/sites/noticias-ionic-e1cf1/versions/a2e18511b334a2c0/files/bde688ed2ddf33048e8c38f09e3760292a93be2f68cedd685e7d4f674a29ce31 200
[debug] [2021-06-11T06:02:16.862Z] <<< [apiv2][body] POST https://upload-firebasehosting.googleapis.com/upload/sites/noticias-ionic-e1cf1/versions/a2e18511b334a2c0/files/bde688ed2ddf33048e8c38f09e3760292a93be2f68cedd685e7d4f674a29ce31 [stream]
[debug] [2021-06-11T06:02:17.231Z] <<< [apiv2][status] POST https://upload-firebasehosting.googleapis.com/upload/sites/noticias-ionic-e1cf1/versions/a2e18511b334a2c0/files/bbdc585ebb1a9ed6440dcd368fd2476d798be3d5c3798e1a36d1c30e17dd80d7 200
[debug] [2021-06-11T06:02:17.231Z] <<< [apiv2][body] POST https://upload-firebasehosting.googleapis.com/upload/sites/noticias-ionic-e1cf1/versions/a2e18511b334a2c0/files/bbdc585ebb1a9ed6440dcd368fd2476d798be3d5c3798e1a36d1c30e17dd80d7 [stream]
[debug] [2021-06-11T06:02:17.263Z] <<< [apiv2][status] POST https://upload-firebasehosting.googleapis.com/upload/sites/noticias-ionic-e1cf1/versions/a2e18511b334a2c0/files/4c36c236e5463979895cb82db305ce9798ecb6f554534ea4373fe7f13505ffb3 200
[debug] [2021-06-11T06:02:17.263Z] <<< [apiv2][body] POST https://upload-firebasehosting.googleapis.com/upload/sites/noticias-ionic-e1cf1/versions/a2e18511b334a2c0/files/4c36c236e5463979895cb82db305ce9798ecb6f554534ea4373fe7f13505ffb3 [stream]
[debug] [2021-06-11T06:02:17.537Z] <<< [apiv2][status] POST https://upload-firebasehosting.googleapis.com/upload/sites/noticias-ionic-e1cf1/versions/a2e18511b334a2c0/files/2664760644e2c3324af8db679791a5ae3764f6e611b0f7575ddd84ad772f5b2e 200
[debug] [2021-06-11T06:02:17.538Z] <<< [apiv2][body] POST https://upload-firebasehosting.googleapis.com/upload/sites/noticias-ionic-e1cf1/versions/a2e18511b334a2c0/files/2664760644e2c3324af8db679791a5ae3764f6e611b0f7575ddd84ad772f5b2e [stream]
[debug] [2021-06-11T06:02:18.918Z] <<< [apiv2][status] POST https://upload-firebasehosting.googleapis.com/upload/sites/noticias-ionic-e1cf1/versions/a2e18511b334a2c0/files/041a090c753f9a64bdf5b8d422b5d6ece4b8ce12c6510b45460fe746dc7538cf 200
[debug] [2021-06-11T06:02:18.918Z] <<< [apiv2][body] POST https://upload-firebasehosting.googleapis.com/upload/sites/noticias-ionic-e1cf1/versions/a2e18511b334a2c0/files/041a090c753f9a64bdf5b8d422b5d6ece4b8ce12c6510b45460fe746dc7538cf [stream]
[debug] [2021-06-11T06:02:19.634Z] <<< [apiv2][status] POST https://upload-firebasehosting.googleapis.com/upload/sites/noticias-ionic-e1cf1/versions/a2e18511b334a2c0/files/6a2c2cd4eb1b95090723df33cd472f0e8f9a2aa5b6e58b92c4765555819ce9fa 200
[debug] [2021-06-11T06:02:19.635Z] <<< [apiv2][body] POST https://upload-firebasehosting.googleapis.com/upload/sites/noticias-ionic-e1cf1/versions/a2e18511b334a2c0/files/6a2c2cd4eb1b95090723df33cd472f0e8f9a2aa5b6e58b92c4765555819ce9fa [stream]
[debug] [2021-06-11T06:02:19.972Z] <<< [apiv2][status] POST https://upload-firebasehosting.googleapis.com/upload/sites/noticias-ionic-e1cf1/versions/a2e18511b334a2c0/files/4aa966f1baa27138f6f3f3d6635336fb622e65842d6ed13f9a64263b50ec9504 200
[debug] [2021-06-11T06:02:19.973Z] <<< [apiv2][body] POST https://upload-firebasehosting.googleapis.com/upload/sites/noticias-ionic-e1cf1/versions/a2e18511b334a2c0/files/4aa966f1baa27138f6f3f3d6635336fb622e65842d6ed13f9a64263b50ec9504 [stream]
[debug] [2021-06-11T06:02:19.973Z] [hosting][upload queue][FINAL] {"max":21937,"min":3216,"avg":12538.206896551725,"active":0,"complete":29,"success":29,"errored":0,"retried":0,"total":29,"elapsed":21938}
[info] ✔  hosting[noticias-ionic-e1cf1]: file upload complete 
[debug] [2021-06-11T06:02:19.975Z] [hosting] deploy completed after 23175ms
[debug] [2021-06-11T06:02:20.220Z] [
  {
    "config": {
      "public": "build",
      "ignore": [
        "firebase.json",
        "**/.*",
        "**/node_modules/**"
      ],
      "rewrites": [
        {
          "source": "**",
          "destination": "/index.html"
        }
      ],
      "site": "noticias-ionic-e1cf1"
    },
    "site": "noticias-ionic-e1cf1",
    "version": "sites/noticias-ionic-e1cf1/versions/a2e18511b334a2c0"
  }
]
[info] i  hosting[noticias-ionic-e1cf1]: finalizing version... 
[debug] [2021-06-11T06:02:20.223Z] > refreshing access token with scopes: ["email","https://www.googleapis.com/auth/cloud-platform","https://www.googleapis.com/auth/cloudplatformprojects.readonly","https://www.googleapis.com/auth/firebase","openid"]
[debug] [2021-06-11T06:02:20.223Z] >>> HTTP REQUEST POST https://www.googleapis.com/oauth2/v3/token  
 <request body omitted>
[debug] [2021-06-11T06:02:20.410Z] <<< HTTP RESPONSE 200 {"pragma":"no-cache","date":"Fri, 11 Jun 2021 06:02:20 GMT","expires":"Mon, 01 Jan 1990 00:00:00 GMT","cache-control":"no-cache, no-store, max-age=0, must-revalidate","content-type":"application/json; charset=utf-8","vary":"X-Origin, Referer, Origin,Accept-Encoding","server":"scaffolding on HTTPServer2","x-xss-protection":"0","x-frame-options":"SAMEORIGIN","x-content-type-options":"nosniff","alt-svc":"h3-29=\":443\"; ma=2592000,h3-T051=\":443\"; ma=2592000,h3-Q050=\":443\"; ma=2592000,h3-Q046=\":443\"; ma=2592000,h3-Q043=\":443\"; ma=2592000,quic=\":443\"; ma=2592000; v=\"46,43\"","accept-ranges":"none","transfer-encoding":"chunked"}
[debug] [2021-06-11T06:02:20.440Z] >>> HTTP REQUEST PATCH https://firebasehosting.googleapis.com/v1beta1/sites/noticias-ionic-e1cf1/versions/a2e18511b334a2c0?updateMask=status  
 {"status":"FINALIZED"}
